2026-05-21 22:48:26,399 - root - INFO - Successfully connected to Binance Futures Testnet.
2026-05-21 22:48:26,399 - root - INFO - Placing MARKET BUY order for 0.001 BTCUSDT
2026-05-21 22:48:26,548 - root - INFO - Market order placed successfully. Order ID: 13173169735. Full response: {'orderId': 13173169735, 'symbol': 'BTCUSDT', 'status': 'NEW', 'clientOrderId': 'DfmHpFCfsrHrSSu7qbvhW4', 'price': '0.00', 'avgPrice': '0.00', 'origQty': '0.0010', 'executedQty': '0.0000', 'cumQty': '0.0000', 'cumQuote': '0.000000', 'timeInForce': 'GTC', 'type': 'MARKET', 'reduceOnly': False, 'closePosition': False, 'side': 'BUY', 'positionSide': 'BOTH', 'stopPrice': '0.00', 'workingType': 'CONTRACT_PRICE', 'priceProtect': False, 'origType': 'MARKET', 'priceMatch': 'NONE', 'selfTradePreventionMode': 'EXPIRE_MAKER', 'goodTillDate': 0, 'updateTime': 1779383907074}
2026-05-21 22:48:32,072 - root - INFO - Successfully connected to Binance Futures Testnet.
2026-05-21 22:48:32,072 - root - INFO - Placing LIMIT SELL order for 0.001 BTCUSDT at 120000.0
2026-05-21 22:48:32,224 - root - INFO - Limit order placed successfully. Order ID: 13173170027. Full response: {'orderId': 13173170027, 'symbol': 'BTCUSDT', 'status': 'NEW', 'clientOrderId': 'JbU8qDDJrD0cyBUhHe8A3q', 'price': '120000.00', 'avgPrice': '0.00', 'origQty': '0.0010', 'executedQty': '0.0000', 'cumQty': '0.0000', 'cumQuote': '0.000000', 'timeInForce': 'GTC', 'type': 'LIMIT', 'reduceOnly': False, 'closePosition': False, 'side': 'SELL', 'positionSide': 'BOTH', 'stopPrice': '0.00', 'workingType': 'CONTRACT_PRICE', 'priceProtect': False, 'origType': 'LIMIT', 'priceMatch': 'NONE', 'selfTradePreventionMode': 'EXPIRE_MAKER', 'goodTillDate': 0, 'updateTime': 1779383912748}
2026-05-21 22:49:46,498 - root - INFO - Successfully connected to Binance Futures Testnet.
2026-05-21 22:49:46,498 - root - INFO - Placing MARKET BUY order for 0.001 BTCUSDT
2026-05-21 22:49:46,650 - root - INFO - Market order placed successfully. Order ID: 13173173790. Full response: {'orderId': 13173173790, 'symbol': 'BTCUSDT', 'status': 'NEW', 'clientOrderId': 'lFopLWkHl5yBvWCW8o23ZU', 'price': '0.00', 'avgPrice': '0.00', 'origQty': '0.0010', 'executedQty': '0.0000', 'cumQty': '0.0000', 'cumQuote': '0.000000', 'timeInForce': 'GTC', 'type': 'MARKET', 'reduceOnly': False, 'closePosition': False, 'side': 'BUY', 'positionSide': 'BOTH', 'stopPrice': '0.00', 'workingType': 'CONTRACT_PRICE', 'priceProtect': False, 'origType': 'MARKET', 'priceMatch': 'NONE', 'selfTradePreventionMode': 'EXPIRE_MAKER', 'goodTillDate': 0, 'updateTime': 1779383987177}
2026-05-21 22:50:09,276 - root - INFO - Successfully connected to Binance Futures Testnet.
2026-05-21 22:50:09,277 - root - INFO - Placing MARKET SELL order for 0.01 ETHUSDT
2026-05-21 22:50:09,424 - root - INFO - Market order placed successfully. Order ID: 8719808155. Full response: {'orderId': 8719808155, 'symbol': 'ETHUSDT', 'status': 'NEW', 'clientOrderId': 'cVupGV87aEVlo2EXtD577F', 'price': '0.00', 'avgPrice': '0.00', 'origQty': '0.010', 'executedQty': '0.000', 'cumQty': '0.000', 'cumQuote': '0.00000', 'timeInForce': 'GTC', 'type': 'MARKET', 'reduceOnly': False, 'closePosition': False, 'side': 'SELL', 'positionSide': 'BOTH', 'stopPrice': '0.00', 'workingType': 'CONTRACT_PRICE', 'priceProtect': False, 'origType': 'MARKET', 'priceMatch': 'NONE', 'selfTradePreventionMode': 'EXPIRE_MAKER', 'goodTillDate': 0, 'updateTime': 1779384009953}
2026-05-21 22:50:19,635 - root - INFO - Successfully connected to Binance Futures Testnet.
2026-05-21 22:50:19,635 - root - INFO - Placing LIMIT BUY order for 0.001 BTCUSDT at 50000.0
2026-05-21 22:50:19,782 - root - INFO - Limit order placed successfully. Order ID: 13173176144. Full response: {'orderId': 13173176144, 'symbol': 'BTCUSDT', 'status': 'NEW', 'clientOrderId': 'y7PJXQiLtLSgLx79bu9CzV', 'price': '50000.00', 'avgPrice': '0.00', 'origQty': '0.0010', 'executedQty': '0.0000', 'cumQty': '0.0000', 'cumQuote': '0.000000', 'timeInForce': 'GTC', 'type': 'LIMIT', 'reduceOnly': False, 'closePosition': False, 'side': 'BUY', 'positionSide': 'BOTH', 'stopPrice': '0.00', 'workingType': 'CONTRACT_PRICE', 'priceProtect': False, 'origType': 'LIMIT', 'priceMatch': 'NONE', 'selfTradePreventionMode': 'EXPIRE_MAKER', 'goodTillDate': 0, 'updateTime': 1779384020311}
2026-05-21 22:50:34,222 - root - INFO - Successfully connected to Binance Futures Testnet.
2026-05-21 22:50:34,222 - root - INFO - Placing LIMIT SELL order for 0.001 BTCUSDT at 120000.0
2026-05-21 22:50:34,370 - root - INFO - Limit order placed successfully. Order ID: 13173177109. Full response: {'orderId': 13173177109, 'symbol': 'BTCUSDT', 'status': 'NEW', 'clientOrderId': 'MIRti9yjbupsmVIFk06pCg', 'price': '120000.00', 'avgPrice': '0.00', 'origQty': '0.0010', 'executedQty': '0.0000', 'cumQty': '0.0000', 'cumQuote': '0.000000', 'timeInForce': 'GTC', 'type': 'LIMIT', 'reduceOnly': False, 'closePosition': False, 'side': 'SELL', 'positionSide': 'BOTH', 'stopPrice': '0.00', 'workingType': 'CONTRACT_PRICE', 'priceProtect': False, 'origType': 'LIMIT', 'priceMatch': 'NONE', 'selfTradePreventionMode': 'EXPIRE_MAKER', 'goodTillDate': 0, 'updateTime': 1779384034898}
2026-05-21 22:51:55,900 - root - INFO - Successfully connected to Binance Futures Testnet.
2026-05-21 22:51:55,900 - root - INFO - Placing MARKET BUY order for 1.0 FAKECOINUSDT
2026-05-21 22:51:56,059 - root - ERROR - Binance API Exception while placing market order: APIError(code=-1121): Invalid symbol.
2026-05-21 23:22:33,574 - root - INFO - Successfully connected to Binance Futures Testnet.
2026-05-21 23:22:33,574 - root - INFO - Placing MARKET BUY order for 0.001 BTCUSDT
2026-05-21 23:22:33,724 - root - INFO - Market order placed successfully. Order ID: 13173266412. Full response: {'orderId': 13173266412, 'symbol': 'BTCUSDT', 'status': 'NEW', 'clientOrderId': 'HWmBaKfaryHm4sjpYfsvMM', 'price': '0.00', 'avgPrice': '0.00', 'origQty': '0.0010', 'executedQty': '0.0000', 'cumQty': '0.0000', 'cumQuote': '0.000000', 'timeInForce': 'GTC', 'type': 'MARKET', 'reduceOnly': False, 'closePosition': False, 'side': 'BUY', 'positionSide': 'BOTH', 'stopPrice': '0.00', 'workingType': 'CONTRACT_PRICE', 'priceProtect': False, 'origType': 'MARKET', 'priceMatch': 'NONE', 'selfTradePreventionMode': 'EXPIRE_MAKER', 'goodTillDate': 0, 'updateTime': 1779385954315}
